<?xml version="1.0" encoding="UTF-8"?>
<!-- Generated by org.testng.reporters.JUnitReportReporter -->
<testsuite hostname="LAPTOP-9VNNC34E" failures="0" tests="1" name="packageofamazon.project_maven_Amazon.TestCase2" time="40.729" errors="0" timestamp="2025-01-30T00:47:03 IST" skipped="0">
  <testcase classname="packageofamazon.project_maven_Amazon.TestCase2" name="login_search_wishlist_cart_logout" time="40.729"/>
</testsuite> <!-- packageofamazon.project_maven_Amazon.TestCase2 -->
