<?xml version="1.0" encoding="UTF-8"?>
<!-- Generated by org.testng.reporters.JUnitReportReporter -->
<testsuite hostname="LAPTOP-9VNNC34E" failures="0" tests="1" name="packageofamazon.project_maven_Amazon.Testcase4" time="38.912" errors="0" timestamp="2025-01-30T23:52:50 IST" skipped="0">
  <testcase classname="packageofamazon.project_maven_Amazon.Testcase4" name="login_searchp_addtocart_makecodpayment_logout" time="38.912"/>
</testsuite> <!-- packageofamazon.project_maven_Amazon.Testcase4 -->
