<?xml version="1.0" encoding="UTF-8"?>
<!-- Generated by org.testng.reporters.JUnitReportReporter -->
<testsuite hostname="LAPTOP-9VNNC34E" failures="0" tests="1" name="packageofamazon.project_maven_Amazon.Testcase1" time="26.832" errors="0" timestamp="2025-01-30T00:35:23 IST" skipped="0">
  <testcase classname="packageofamazon.project_maven_Amazon.Testcase1" name="logintoamazon_search_logout" time="26.832"/>
</testsuite> <!-- packageofamazon.project_maven_Amazon.Testcase1 -->
