<?xml version="1.0" encoding="UTF-8"?>
<!-- Generated by org.testng.reporters.JUnitReportReporter -->
<testsuite hostname="LAPTOP-9VNNC34E" failures="0" tests="1" name="packageofamazon.project_maven_Amazon.Testcase2" time="38.611" errors="0" timestamp="2025-01-30T23:38:12 IST" skipped="0">
  <testcase classname="packageofamazon.project_maven_Amazon.Testcase2" name="login_search_wishlist_cart_logout" time="38.611"/>
</testsuite> <!-- packageofamazon.project_maven_Amazon.Testcase2 -->
